INFO: 2021-02-13 11:33:57,228: main() 'Using profile folder /home/shaka/.config/variety/'
INFO: 2021-02-13 11:33:57,307: perform_upgrade() 'Last run version was 0.8.5 or earlier, current version is 0.8.5'
INFO: 2021-02-13 11:33:58,832: process_command() 'Received command: []'
INFO: 2021-02-13 11:33:59,020: start() 'Using data_path /usr/share/variety'
INFO: 2021-02-13 11:33:59,020: load() 'Jumble loading'
INFO: 2021-02-13 11:33:59,021: _walk_modules() 'Jumble loading module in __init__ from /usr/lib/python3.9/site-packages/variety/plugins/builtin/__init__.py'
INFO: 2021-02-13 11:33:59,037: _walk_modules() 'Jumble loading module in GoodreadsSource from /usr/lib/python3.9/site-packages/variety/plugins/builtin/quotes/GoodreadsSource.py'
INFO: 2021-02-13 11:33:59,055: load() 'Jumble found plugin class: <class 'GoodreadsSource.GoodreadsSource'>: {'name': 'Goodreads', 'description': 'Fetches quotes from Goodreads.com', 'author': 'Peter Levi', 'version': '0.1'}'
INFO: 2021-02-13 11:33:59,056: _walk_modules() 'Jumble loading module in LocalFilesSource from /usr/lib/python3.9/site-packages/variety/plugins/builtin/quotes/LocalFilesSource.py'
INFO: 2021-02-13 11:33:59,056: load() 'Jumble found plugin class: <class 'LocalFilesSource.LocalFilesSource'>: {'name': 'Local text files', 'description': 'Displays quotes, defined in local text files.\nPut your own txt files in: ~/.config/variety/pluginconfig/quotes/.\nThe file format is:\n\nquote -- author\n.\nsecond quote -- another author\n.\netc...\n\nExample: http://rvelthuis.de/zips/quotes.txt', 'author': 'Peter Levi', 'version': '0.1'}'
INFO: 2021-02-13 11:33:59,057: _walk_modules() 'Jumble loading module in UrbanDictionarySource from /usr/lib/python3.9/site-packages/variety/plugins/builtin/quotes/UrbanDictionarySource.py'
INFO: 2021-02-13 11:33:59,057: load() 'Jumble found plugin class: <class 'UrbanDictionarySource.UrbanDictionarySource'>: {'name': 'Urban Dictionary', 'description': 'Displays definitions from Urban Dictionary', 'author': 'James Miller', 'version': '0.1'}'
INFO: 2021-02-13 11:33:59,070: _walk_modules() 'Jumble loading module in FortuneSource from /usr/lib/python3.9/site-packages/variety/plugins/builtin/quotes/FortuneSource.py'
INFO: 2021-02-13 11:33:59,071: load() 'Jumble found plugin class: <class 'FortuneSource.FortuneSource'>: {'name': 'UNIX fortune program', 'description': 'Displays quotes using the UNIX fortune program. You may want to install additional fortune packs, e.g. fortunes-bofh-excuses.', 'author': 'Dan Jones', 'version': '0.1'}'
INFO: 2021-02-13 11:33:59,071: _walk_modules() 'Jumble loading module in __init__ from /usr/lib/python3.9/site-packages/variety/plugins/builtin/quotes/__init__.py'
INFO: 2021-02-13 11:33:59,072: _walk_modules() 'Jumble loading module in QuotationsPageSource from /usr/lib/python3.9/site-packages/variety/plugins/builtin/quotes/QuotationsPageSource.py'
INFO: 2021-02-13 11:33:59,073: load() 'Jumble found plugin class: <class 'QuotationsPageSource.QuotationsPageSource'>: {'name': 'TheQuotationsPage.com', 'description': 'Fetches quotes from TheQuotationsPage.com', 'author': 'Peter Levi', 'version': '0.1'}'
INFO: 2021-02-13 11:33:59,077: _walk_modules() 'Jumble loading module in UnsplashDownloader from /usr/lib/python3.9/site-packages/variety/plugins/builtin/downloaders/UnsplashDownloader.py'
INFO: 2021-02-13 11:33:59,082: load() 'Jumble found plugin class: <class 'UnsplashDownloader.UnsplashDownloader'>: {'name': 'UnsplashDownloader', 'description': 'High-resolution photos from Unsplash.com', 'author': 'Peter Levi', 'version': '0.1'}'
INFO: 2021-02-13 11:33:59,083: _walk_modules() 'Jumble loading module in UnsplashConfigurableSource from /usr/lib/python3.9/site-packages/variety/plugins/builtin/downloaders/UnsplashConfigurableSource.py'
INFO: 2021-02-13 11:33:59,086: load() 'Jumble found plugin class: <class 'UnsplashConfigurableSource.UnsplashConfigurableSource'>: {'name': 'UnsplashConfigurableSource', 'description': 'Configurable source for fetching photos from Unsplash.com', 'author': 'Peter Levi', 'version': '0.1'}'
INFO: 2021-02-13 11:33:59,088: _walk_modules() 'Jumble loading module in APODDownloader from /usr/lib/python3.9/site-packages/variety/plugins/builtin/downloaders/APODDownloader.py'
INFO: 2021-02-13 11:33:59,089: load() 'Jumble found plugin class: <class 'APODDownloader.APODDownloader'>: {'name': 'APODDownloader', 'description': 'NASA Astro Pic of the Day', 'author': 'Peter Levi', 'version': '0.1'}'
INFO: 2021-02-13 11:33:59,091: _walk_modules() 'Jumble loading module in EarthviewDownloader from /usr/lib/python3.9/site-packages/variety/plugins/builtin/downloaders/EarthviewDownloader.py'
INFO: 2021-02-13 11:33:59,093: load() 'Jumble found plugin class: <class 'EarthviewDownloader.EarthviewDownloader'>: {'name': 'EarthviewDownloader', 'description': 'Google Earth View Wallpapers', 'author': 'Peter Levi', 'version': '0.1'}'
INFO: 2021-02-13 11:33:59,094: _walk_modules() 'Jumble loading module in RedditSource from /usr/lib/python3.9/site-packages/variety/plugins/builtin/downloaders/RedditSource.py'
INFO: 2021-02-13 11:33:59,097: load() 'Jumble found plugin class: <class 'RedditSource.RedditSource'>: {'name': 'RedditSource', 'description': 'Configurable source for fetching images from Reddit', 'author': 'Peter Levi', 'version': '0.1'}'
INFO: 2021-02-13 11:33:59,097: _walk_modules() 'Jumble loading module in __init__ from /usr/lib/python3.9/site-packages/variety/plugins/builtin/downloaders/__init__.py'
INFO: 2021-02-13 11:33:59,098: _walk_modules() 'Jumble loading module in MediaRSSSource from /usr/lib/python3.9/site-packages/variety/plugins/builtin/downloaders/MediaRSSSource.py'
INFO: 2021-02-13 11:33:59,102: load() 'Jumble found plugin class: <class 'MediaRSSSource.MediaRSSSource'>: {'name': 'MediaRSSSource', 'description': 'Configurable source for fetching images from MediaRSS feeds', 'author': 'Peter Levi', 'version': '0.1'}'
INFO: 2021-02-13 11:33:59,102: _walk_modules() 'Jumble loading module in RedditDownloader from /usr/lib/python3.9/site-packages/variety/plugins/builtin/downloaders/RedditDownloader.py'
INFO: 2021-02-13 11:33:59,103: _walk_modules() 'Jumble loading module in BingDownloader from /usr/lib/python3.9/site-packages/variety/plugins/builtin/downloaders/BingDownloader.py'
INFO: 2021-02-13 11:33:59,104: load() 'Jumble found plugin class: <class 'BingDownloader.BingDownloader'>: {'name': 'BingDownloader', 'description': 'Bing Photo of the Day', 'author': 'Peter Levi', 'version': '0.1'}'
INFO: 2021-02-13 11:33:59,105: _walk_modules() 'Jumble loading module in WallhavenDownloader from /usr/lib/python3.9/site-packages/variety/plugins/builtin/downloaders/WallhavenDownloader.py'
INFO: 2021-02-13 11:33:59,106: _walk_modules() 'Jumble loading module in MediaRSSDownloader from /usr/lib/python3.9/site-packages/variety/plugins/builtin/downloaders/MediaRSSDownloader.py'
INFO: 2021-02-13 11:33:59,108: _walk_modules() 'Jumble loading module in WallhavenSource from /usr/lib/python3.9/site-packages/variety/plugins/builtin/downloaders/WallhavenSource.py'
INFO: 2021-02-13 11:33:59,110: load() 'Jumble found plugin class: <class 'WallhavenSource.WallhavenSource'>: {'name': 'WallhavenSource', 'description': 'Configurable source for fetching images from Wallhaven.cc', 'author': 'Peter Levi', 'version': '0.1'}'
INFO: 2021-02-13 11:33:59,169: log_options() 'Loaded options:'
INFO: 2021-02-13 11:33:59,170: log_options() 'change_enabled = True'
INFO: 2021-02-13 11:33:59,170: log_options() 'change_interval = 86400'
INFO: 2021-02-13 11:33:59,170: log_options() 'change_on_start = False'
INFO: 2021-02-13 11:33:59,170: log_options() 'clipboard_enabled = False'
INFO: 2021-02-13 11:33:59,170: log_options() 'clipboard_hosts = ['wallhaven.cc', 'wallpapers.net', 'flickr.com', 'imgur.com', 'deviantart.com', 'interfacelift.com', 'vladstudio.com', 'imageshack.us', 'deviantart.net', 'imageshack.com']'
INFO: 2021-02-13 11:33:59,170: log_options() 'clipboard_use_whitelist = True'
INFO: 2021-02-13 11:33:59,170: log_options() 'clock_date_font = Ubuntu Condensed, 30'
INFO: 2021-02-13 11:33:59,170: log_options() 'clock_enabled = True'
INFO: 2021-02-13 11:33:59,170: log_options() 'clock_filter = -density 100 -font `fc-match -f '%{file[0]}' '%CLOCK_FONT_NAME'` -pointsize %CLOCK_FONT_SIZE -gravity SouthEast -fill '#00000044' -annotate 0x0+[%HOFFSET+58]+[%VOFFSET+108] '%l:%M %p' -fill white -annotate 0x0+[%HOFFSET+60]+[%VOFFSET+110] '%l:%M %p' -font `fc-match -f '%{file[0]}' '%DATE_FONT_NAME'` -pointsize %DATE_FONT_SIZE -fill '#00000044' -annotate 0x0+[%HOFFSET+58]+[%VOFFSET+58] '%A, %B %d' -fill white -annotate 0x0+[%HOFFSET+60]+[%VOFFSET+60] '%A, %B %d''
INFO: 2021-02-13 11:33:59,170: log_options() 'clock_font = Ubuntu Condensed, 70'
INFO: 2021-02-13 11:33:59,170: log_options() 'configfile = /home/shaka/.config/variety/variety.conf'
INFO: 2021-02-13 11:33:59,170: log_options() 'copyto_enabled = False'
INFO: 2021-02-13 11:33:59,170: log_options() 'copyto_folder = Default'
INFO: 2021-02-13 11:33:59,170: log_options() 'desired_color = [160, 160, 160]'
INFO: 2021-02-13 11:33:59,170: log_options() 'desired_color_enabled = False'
INFO: 2021-02-13 11:33:59,170: log_options() 'download_folder = /home/shaka/.config/variety/Downloaded'
INFO: 2021-02-13 11:33:59,170: log_options() 'download_preference_ratio = 0.9'
INFO: 2021-02-13 11:33:59,171: log_options() 'favorites_folder = /home/shaka/.config/variety/Favorites'
INFO: 2021-02-13 11:33:59,171: log_options() 'favorites_operations = [['Downloaded', 'Copy'], ['Fetched', 'Move'], ['Others', 'Copy']]'
INFO: 2021-02-13 11:33:59,171: log_options() 'fetched_folder = /home/shaka/.config/variety/Fetched'
INFO: 2021-02-13 11:33:59,171: log_options() 'filters = [[True, 'Keep original', ''], [False, 'Grayscale', '-type Grayscale'], [False, 'Heavy blur', '-blur 120x40'], [False, 'Soft blur', '-blur 20x7'], [False, 'Oil painting', '-paint 8'], [False, 'Pointilism', '-spread 10 -noise 3'], [False, 'Pixellate', '-scale 3% -scale 3333%']]'
INFO: 2021-02-13 11:33:59,171: log_options() 'icon = Light'
INFO: 2021-02-13 11:33:59,171: log_options() 'lightness_enabled = False'
INFO: 2021-02-13 11:33:59,171: log_options() 'lightness_mode = 0'
INFO: 2021-02-13 11:33:59,171: log_options() 'min_rating = 4'
INFO: 2021-02-13 11:33:59,171: log_options() 'min_rating_enabled = False'
INFO: 2021-02-13 11:33:59,171: log_options() 'min_size = 80'
INFO: 2021-02-13 11:33:59,171: log_options() 'min_size_enabled = True'
INFO: 2021-02-13 11:33:59,171: log_options() 'quota_enabled = True'
INFO: 2021-02-13 11:33:59,171: log_options() 'quota_size = 1000'
INFO: 2021-02-13 11:33:59,171: log_options() 'quotes_authors = '
INFO: 2021-02-13 11:33:59,171: log_options() 'quotes_bg_color = [80, 80, 80]'
INFO: 2021-02-13 11:33:59,171: log_options() 'quotes_bg_opacity = 55'
INFO: 2021-02-13 11:33:59,171: log_options() 'quotes_change_enabled = False'
INFO: 2021-02-13 11:33:59,171: log_options() 'quotes_change_interval = 300'
INFO: 2021-02-13 11:33:59,171: log_options() 'quotes_disabled_sources = ['Urban Dictionary']'
INFO: 2021-02-13 11:33:59,171: log_options() 'quotes_enabled = False'
INFO: 2021-02-13 11:33:59,171: log_options() 'quotes_favorites_file = /home/shaka/.config/variety/favorite_quotes.txt'
INFO: 2021-02-13 11:33:59,171: log_options() 'quotes_font = Bitstream Charter 30'
INFO: 2021-02-13 11:33:59,171: log_options() 'quotes_hpos = 100'
INFO: 2021-02-13 11:33:59,171: log_options() 'quotes_max_length = 250'
INFO: 2021-02-13 11:33:59,171: log_options() 'quotes_tags = '
INFO: 2021-02-13 11:33:59,171: log_options() 'quotes_text_color = [255, 255, 255]'
INFO: 2021-02-13 11:33:59,172: log_options() 'quotes_text_shadow = False'
INFO: 2021-02-13 11:33:59,172: log_options() 'quotes_vpos = 40'
INFO: 2021-02-13 11:33:59,172: log_options() 'quotes_width = 70'
INFO: 2021-02-13 11:33:59,172: log_options() 'safe_mode = False'
INFO: 2021-02-13 11:33:59,172: log_options() 'slideshow_custom_enabled = False'
INFO: 2021-02-13 11:33:59,172: log_options() 'slideshow_custom_folder = /home/shaka/Pictures'
INFO: 2021-02-13 11:33:59,172: log_options() 'slideshow_downloads_enabled = False'
INFO: 2021-02-13 11:33:59,172: log_options() 'slideshow_fade = 0.4'
INFO: 2021-02-13 11:33:59,172: log_options() 'slideshow_favorites_enabled = True'
INFO: 2021-02-13 11:33:59,172: log_options() 'slideshow_mode = Fullscreen'
INFO: 2021-02-13 11:33:59,172: log_options() 'slideshow_monitor = All'
INFO: 2021-02-13 11:33:59,172: log_options() 'slideshow_pan = 0.05'
INFO: 2021-02-13 11:33:59,172: log_options() 'slideshow_seconds = 6.0'
INFO: 2021-02-13 11:33:59,172: log_options() 'slideshow_sort_order = Random'
INFO: 2021-02-13 11:33:59,172: log_options() 'slideshow_sources_enabled = True'
INFO: 2021-02-13 11:33:59,172: log_options() 'slideshow_zoom = 0.2'
INFO: 2021-02-13 11:33:59,172: log_options() 'smart_enabled = False'
INFO: 2021-02-13 11:33:59,172: log_options() 'smart_notice_shown = False'
INFO: 2021-02-13 11:33:59,172: log_options() 'smart_register_shown = False'
INFO: 2021-02-13 11:33:59,172: log_options() 'sources = [[False, 'favorites', 'The Favorites folder'], [False, 'fetched', 'The Fetched folder'], [True, 'folder', '/usr/share/backgrounds'], [False, 'flickr', 'user:www.flickr.com/photos/peter-levi/;user_id:93647178@N00;'], [False, 'apod', "NASA's Astronomy Picture of the Day"], [False, 'bing', 'Bing Photo of the Day'], [False, 'earthview', 'Google Earth View Wallpapers'], [False, 'unsplash', 'High-resolution photos from Unsplash.com'], [True, 'folder', '/home/shaka/Pictures/Wallpapers']]'
INFO: 2021-02-13 11:33:59,172: log_options() 'stats_enabled = True'
INFO: 2021-02-13 11:33:59,172: log_options() 'stats_notice_shown = False'
INFO: 2021-02-13 11:33:59,172: log_options() 'sync_enabled = True'
INFO: 2021-02-13 11:33:59,172: log_options() 'use_landscape_enabled = True'
INFO: 2021-02-13 11:33:59,172: reload_config() 'No need to clear prepared queue'
INFO: 2021-02-13 11:33:59,173: clock_thread_method() 'clock thread running'
INFO: 2021-02-13 11:33:59,173: update_indicator() 'Setting file info to: /home/shaka/Pictures/Wallpapers/riccardo-chiarini-gYCMiZp-A7E-unsplash.jpg'
INFO: 2021-02-13 11:33:59,262: load_last_change_time() 'Change interval >= 6 hours, using persisted last_change_time 1613139408.17015'
INFO: 2021-02-13 11:33:59,262: load_last_change_time() 'Still to wait: 29568 seconds'
INFO: 2021-02-13 11:33:59,262: update_indicator() 'Setting file info to: /home/shaka/Pictures/Wallpapers/riccardo-chiarini-gYCMiZp-A7E-unsplash.jpg'
INFO: 2021-02-13 11:33:59,263: regular_change_thread() 'regular_change thread running'
INFO: 2021-02-13 11:33:59,264: prepare_thread() 'Prepare thread running'
INFO: 2021-02-13 11:33:59,264: prepare_thread() 'Prepared buffer contains 0 images'
INFO: 2021-02-13 11:33:59,264: prepare_thread() 'Preparing some images'
INFO: 2021-02-13 11:33:59,266: update_indicator_icon() 'Creating indicator'
WARNING: 2021-02-13 11:33:59,280: create_menu() 'Variety Slideshow is not installed. This is an optional extension adding pan-and-zoom slideshows to Variety: see https://github.com/peterlevi/variety-slideshow for details'
INFO: 2021-02-13 11:33:59,281: create_indicator() 'indicator backend: AppIndicator3'
INFO: 2021-02-13 11:33:59,302: set_from_theme_icon() 'Showing indicator icon variety-indicator from GTK theme'
INFO: 2021-02-13 11:33:59,353: do_set_wp() 'Calling do_set_wp with /home/shaka/Pictures/Wallpapers/riccardo-chiarini-gYCMiZp-A7E-unsplash.jpg, time: 1613196239.3531466'
INFO: 2021-02-13 11:33:59,403: compute_trimmed_offsets() 'Trimmed offsets debug info: w:1920, h:1080, ratio:1.777778, iw:6000, ih:4000, scw:1920, sch:1280, ho:0, vo:100'
INFO: 2021-02-13 11:33:59,404: build_imagemagick_clock_cmd() 'Applying clock filter: -density 100 -font `fc-match -f '%{file[0]}' 'Ubuntu Condensed:,:70'` -pointsize 70 -gravity SouthEast -fill '#00000044' -annotate 0x0+58+208 '11:33 AM' -fill white -annotate 0x0+60+210 '11:33 AM' -font `fc-match -f '%{file[0]}' 'Ubuntu Condensed:,:30'` -pointsize 30 -fill '#00000044' -annotate 0x0+58+158 'Saturday, February 13' -fill white -annotate 0x0+60+160 'Saturday, February 13''
INFO: 2021-02-13 11:33:59,404: build_imagemagick_clock_cmd() 'ImageMagick clock cmd: convert /home/shaka/Pictures/Wallpapers/riccardo-chiarini-gYCMiZp-A7E-unsplash.jpg -scale 1920x1080^ -density 100 -font `fc-match -f '%{file[0]}' 'Ubuntu Condensed:,:70'` -pointsize 70 -gravity SouthEast -fill '#00000044' -annotate 0x0+58+208 '11:33 AM' -fill white -annotate 0x0+60+210 '11:33 AM' -font `fc-match -f '%{file[0]}' 'Ubuntu Condensed:,:30'` -pointsize 30 -fill '#00000044' -annotate 0x0+58+158 'Saturday, February 13' -fill white -annotate 0x0+60+160 'Saturday, February 13' /home/shaka/.config/variety/wallpaper/wallpaper-clock-1aabaaac73270ed6108b6e8a2de81521.jpg'
INFO: 2021-02-13 11:34:00,173: clock_thread_method() 'clock_thread updates wallpaper'
INFO: 2021-02-13 11:34:00,327: prepare_thread() 'After search prepared buffer contains 55 images'
INFO: 2021-02-13 11:34:00,353: do_set_wp() 'Calling do_set_wp with /home/shaka/Pictures/Wallpapers/riccardo-chiarini-gYCMiZp-A7E-unsplash.jpg, time: 1613196240.353497'
INFO: 2021-02-13 11:34:01,113: update_indicator() 'Setting file info to: /home/shaka/Pictures/Wallpapers/riccardo-chiarini-gYCMiZp-A7E-unsplash.jpg'
INFO: 2021-02-13 11:34:01,141: list_files() 'More than 1 files in the folders, stop listing'
INFO: 2021-02-13 11:34:02,327: trigger_download() 'Triggering download thread to check if download needed'
INFO: 2021-02-13 11:34:02,679: reload() 'Reloading preferences dialog'
INFO: 2021-02-13 11:34:03,454: compute_trimmed_offsets() 'Trimmed offsets debug info: w:1920, h:1080, ratio:1.777778, iw:6000, ih:4000, scw:1920, sch:1280, ho:0, vo:100'
INFO: 2021-02-13 11:34:03,454: build_imagemagick_clock_cmd() 'Applying clock filter: -density 100 -font `fc-match -f '%{file[0]}' 'Ubuntu Condensed:,:70'` -pointsize 70 -gravity SouthEast -fill '#00000044' -annotate 0x0+58+208 '11:34 AM' -fill white -annotate 0x0+60+210 '11:34 AM' -font `fc-match -f '%{file[0]}' 'Ubuntu Condensed:,:30'` -pointsize 30 -fill '#00000044' -annotate 0x0+58+158 'Saturday, February 13' -fill white -annotate 0x0+60+160 'Saturday, February 13''
INFO: 2021-02-13 11:34:03,454: build_imagemagick_clock_cmd() 'ImageMagick clock cmd: convert /home/shaka/Pictures/Wallpapers/riccardo-chiarini-gYCMiZp-A7E-unsplash.jpg -scale 1920x1080^ -density 100 -font `fc-match -f '%{file[0]}' 'Ubuntu Condensed:,:70'` -pointsize 70 -gravity SouthEast -fill '#00000044' -annotate 0x0+58+208 '11:34 AM' -fill white -annotate 0x0+60+210 '11:34 AM' -font `fc-match -f '%{file[0]}' 'Ubuntu Condensed:,:30'` -pointsize 30 -fill '#00000044' -annotate 0x0+58+158 'Saturday, February 13' -fill white -annotate 0x0+60+160 'Saturday, February 13' /home/shaka/.config/variety/wallpaper/wallpaper-clock-93450b682c817858e67f48adb4fd544b.jpg'
INFO: 2021-02-13 11:34:04,441: update_indicator() 'Setting file info to: /home/shaka/Pictures/Wallpapers/riccardo-chiarini-gYCMiZp-A7E-unsplash.jpg'
INFO: 2021-02-13 11:34:04,442: list_files() 'More than 1 files in the folders, stop listing'
INFO: 2021-02-13 11:34:19,285: server_options_thread() 'Fetching server options from http://tiny.cc/variety-options-063'
INFO: 2021-02-13 11:34:22,163: server_options_thread() 'Fetched server options: {'flickr': {'min_fill_queue_interval': 1200, 'min_download_interval': 1200}, 'wallbase': {'min_fill_queue_interval': 1800, 'min_download_interval': 1800}, 'wallhaven': {'min_fill_queue_interval': 1800, 'min_download_interval': 1800}, 'wallpapers.net': {'min_fill_queue_interval': 601, 'min_download_interval': 0}, 'unsplash': {'min_fill_queue_interval': 20000000000, 'min_download_interval': 20000000000}, 'unsplash_v2': {'min_fill_queue_interval': 2000, 'min_download_interval': 1200}, 'status_message': {'0.0.1': '', '*': ''}}'
INFO: 2021-02-13 11:35:00,252: clock_thread_method() 'clock_thread updates wallpaper'
INFO: 2021-02-13 11:35:00,252: do_set_wp() 'Calling do_set_wp with /home/shaka/Pictures/Wallpapers/riccardo-chiarini-gYCMiZp-A7E-unsplash.jpg, time: 1613196300.2529254'
INFO: 2021-02-13 11:35:00,253: compute_trimmed_offsets() 'Trimmed offsets debug info: w:1920, h:1080, ratio:1.777778, iw:6000, ih:4000, scw:1920, sch:1280, ho:0, vo:100'
INFO: 2021-02-13 11:35:00,254: build_imagemagick_clock_cmd() 'Applying clock filter: -density 100 -font `fc-match -f '%{file[0]}' 'Ubuntu Condensed:,:70'` -pointsize 70 -gravity SouthEast -fill '#00000044' -annotate 0x0+58+208 '11:35 AM' -fill white -annotate 0x0+60+210 '11:35 AM' -font `fc-match -f '%{file[0]}' 'Ubuntu Condensed:,:30'` -pointsize 30 -fill '#00000044' -annotate 0x0+58+158 'Saturday, February 13' -fill white -annotate 0x0+60+160 'Saturday, February 13''
INFO: 2021-02-13 11:35:00,254: build_imagemagick_clock_cmd() 'ImageMagick clock cmd: convert /home/shaka/Pictures/Wallpapers/riccardo-chiarini-gYCMiZp-A7E-unsplash.jpg -scale 1920x1080^ -density 100 -font `fc-match -f '%{file[0]}' 'Ubuntu Condensed:,:70'` -pointsize 70 -gravity SouthEast -fill '#00000044' -annotate 0x0+58+208 '11:35 AM' -fill white -annotate 0x0+60+210 '11:35 AM' -font `fc-match -f '%{file[0]}' 'Ubuntu Condensed:,:30'` -pointsize 30 -fill '#00000044' -annotate 0x0+58+158 'Saturday, February 13' -fill white -annotate 0x0+60+160 'Saturday, February 13' /home/shaka/.config/variety/wallpaper/wallpaper-clock-a168def4ada0837740f33169f01d3a5b.jpg'
INFO: 2021-02-13 11:35:01,259: update_indicator() 'Setting file info to: /home/shaka/Pictures/Wallpapers/riccardo-chiarini-gYCMiZp-A7E-unsplash.jpg'
INFO: 2021-02-13 11:35:01,260: list_files() 'More than 1 files in the folders, stop listing'
INFO: 2021-02-13 11:36:00,326: clock_thread_method() 'clock_thread updates wallpaper'
INFO: 2021-02-13 11:36:00,327: do_set_wp() 'Calling do_set_wp with /home/shaka/Pictures/Wallpapers/riccardo-chiarini-gYCMiZp-A7E-unsplash.jpg, time: 1613196360.32719'
INFO: 2021-02-13 11:36:00,327: compute_trimmed_offsets() 'Trimmed offsets debug info: w:1920, h:1080, ratio:1.777778, iw:6000, ih:4000, scw:1920, sch:1280, ho:0, vo:100'
INFO: 2021-02-13 11:36:00,328: build_imagemagick_clock_cmd() 'Applying clock filter: -density 100 -font `fc-match -f '%{file[0]}' 'Ubuntu Condensed:,:70'` -pointsize 70 -gravity SouthEast -fill '#00000044' -annotate 0x0+58+208 '11:36 AM' -fill white -annotate 0x0+60+210 '11:36 AM' -font `fc-match -f '%{file[0]}' 'Ubuntu Condensed:,:30'` -pointsize 30 -fill '#00000044' -annotate 0x0+58+158 'Saturday, February 13' -fill white -annotate 0x0+60+160 'Saturday, February 13''
INFO: 2021-02-13 11:36:00,328: build_imagemagick_clock_cmd() 'ImageMagick clock cmd: convert /home/shaka/Pictures/Wallpapers/riccardo-chiarini-gYCMiZp-A7E-unsplash.jpg -scale 1920x1080^ -density 100 -font `fc-match -f '%{file[0]}' 'Ubuntu Condensed:,:70'` -pointsize 70 -gravity SouthEast -fill '#00000044' -annotate 0x0+58+208 '11:36 AM' -fill white -annotate 0x0+60+210 '11:36 AM' -font `fc-match -f '%{file[0]}' 'Ubuntu Condensed:,:30'` -pointsize 30 -fill '#00000044' -annotate 0x0+58+158 'Saturday, February 13' -fill white -annotate 0x0+60+160 'Saturday, February 13' /home/shaka/.config/variety/wallpaper/wallpaper-clock-091a5aca510ec4a3683a7ba64427e059.jpg'
INFO: 2021-02-13 11:36:01,315: update_indicator() 'Setting file info to: /home/shaka/Pictures/Wallpapers/riccardo-chiarini-gYCMiZp-A7E-unsplash.jpg'
INFO: 2021-02-13 11:36:01,316: list_files() 'More than 1 files in the folders, stop listing'
INFO: 2021-02-13 11:37:00,388: clock_thread_method() 'clock_thread updates wallpaper'
INFO: 2021-02-13 11:37:00,388: do_set_wp() 'Calling do_set_wp with /home/shaka/Pictures/Wallpapers/riccardo-chiarini-gYCMiZp-A7E-unsplash.jpg, time: 1613196420.3886983'
INFO: 2021-02-13 11:37:00,389: compute_trimmed_offsets() 'Trimmed offsets debug info: w:1920, h:1080, ratio:1.777778, iw:6000, ih:4000, scw:1920, sch:1280, ho:0, vo:100'
INFO: 2021-02-13 11:37:00,389: build_imagemagick_clock_cmd() 'Applying clock filter: -density 100 -font `fc-match -f '%{file[0]}' 'Ubuntu Condensed:,:70'` -pointsize 70 -gravity SouthEast -fill '#00000044' -annotate 0x0+58+208 '11:37 AM' -fill white -annotate 0x0+60+210 '11:37 AM' -font `fc-match -f '%{file[0]}' 'Ubuntu Condensed:,:30'` -pointsize 30 -fill '#00000044' -annotate 0x0+58+158 'Saturday, February 13' -fill white -annotate 0x0+60+160 'Saturday, February 13''
INFO: 2021-02-13 11:37:00,389: build_imagemagick_clock_cmd() 'ImageMagick clock cmd: convert /home/shaka/Pictures/Wallpapers/riccardo-chiarini-gYCMiZp-A7E-unsplash.jpg -scale 1920x1080^ -density 100 -font `fc-match -f '%{file[0]}' 'Ubuntu Condensed:,:70'` -pointsize 70 -gravity SouthEast -fill '#00000044' -annotate 0x0+58+208 '11:37 AM' -fill white -annotate 0x0+60+210 '11:37 AM' -font `fc-match -f '%{file[0]}' 'Ubuntu Condensed:,:30'` -pointsize 30 -fill '#00000044' -annotate 0x0+58+158 'Saturday, February 13' -fill white -annotate 0x0+60+160 'Saturday, February 13' /home/shaka/.config/variety/wallpaper/wallpaper-clock-51f13acf4fd423fcd76e813857395bd5.jpg'
INFO: 2021-02-13 11:37:01,379: update_indicator() 'Setting file info to: /home/shaka/Pictures/Wallpapers/riccardo-chiarini-gYCMiZp-A7E-unsplash.jpg'
INFO: 2021-02-13 11:37:01,380: list_files() 'More than 1 files in the folders, stop listing'
INFO: 2021-02-13 11:38:00,449: clock_thread_method() 'clock_thread updates wallpaper'
INFO: 2021-02-13 11:38:00,450: do_set_wp() 'Calling do_set_wp with /home/shaka/Pictures/Wallpapers/riccardo-chiarini-gYCMiZp-A7E-unsplash.jpg, time: 1613196480.4501948'
INFO: 2021-02-13 11:38:00,451: compute_trimmed_offsets() 'Trimmed offsets debug info: w:1920, h:1080, ratio:1.777778, iw:6000, ih:4000, scw:1920, sch:1280, ho:0, vo:100'
INFO: 2021-02-13 11:38:00,451: build_imagemagick_clock_cmd() 'Applying clock filter: -density 100 -font `fc-match -f '%{file[0]}' 'Ubuntu Condensed:,:70'` -pointsize 70 -gravity SouthEast -fill '#00000044' -annotate 0x0+58+208 '11:38 AM' -fill white -annotate 0x0+60+210 '11:38 AM' -font `fc-match -f '%{file[0]}' 'Ubuntu Condensed:,:30'` -pointsize 30 -fill '#00000044' -annotate 0x0+58+158 'Saturday, February 13' -fill white -annotate 0x0+60+160 'Saturday, February 13''
INFO: 2021-02-13 11:38:00,451: build_imagemagick_clock_cmd() 'ImageMagick clock cmd: convert /home/shaka/Pictures/Wallpapers/riccardo-chiarini-gYCMiZp-A7E-unsplash.jpg -scale 1920x1080^ -density 100 -font `fc-match -f '%{file[0]}' 'Ubuntu Condensed:,:70'` -pointsize 70 -gravity SouthEast -fill '#00000044' -annotate 0x0+58+208 '11:38 AM' -fill white -annotate 0x0+60+210 '11:38 AM' -font `fc-match -f '%{file[0]}' 'Ubuntu Condensed:,:30'` -pointsize 30 -fill '#00000044' -annotate 0x0+58+158 'Saturday, February 13' -fill white -annotate 0x0+60+160 'Saturday, February 13' /home/shaka/.config/variety/wallpaper/wallpaper-clock-fccd30ba89b81f58f581153bca3d605f.jpg'
INFO: 2021-02-13 11:38:01,459: update_indicator() 'Setting file info to: /home/shaka/Pictures/Wallpapers/riccardo-chiarini-gYCMiZp-A7E-unsplash.jpg'
INFO: 2021-02-13 11:38:01,460: list_files() 'More than 1 files in the folders, stop listing'
INFO: 2021-02-13 11:39:00,508: clock_thread_method() 'clock_thread updates wallpaper'
INFO: 2021-02-13 11:39:00,509: do_set_wp() 'Calling do_set_wp with /home/shaka/Pictures/Wallpapers/riccardo-chiarini-gYCMiZp-A7E-unsplash.jpg, time: 1613196540.5094209'
INFO: 2021-02-13 11:39:00,510: compute_trimmed_offsets() 'Trimmed offsets debug info: w:1920, h:1080, ratio:1.777778, iw:6000, ih:4000, scw:1920, sch:1280, ho:0, vo:100'
INFO: 2021-02-13 11:39:00,510: build_imagemagick_clock_cmd() 'Applying clock filter: -density 100 -font `fc-match -f '%{file[0]}' 'Ubuntu Condensed:,:70'` -pointsize 70 -gravity SouthEast -fill '#00000044' -annotate 0x0+58+208 '11:39 AM' -fill white -annotate 0x0+60+210 '11:39 AM' -font `fc-match -f '%{file[0]}' 'Ubuntu Condensed:,:30'` -pointsize 30 -fill '#00000044' -annotate 0x0+58+158 'Saturday, February 13' -fill white -annotate 0x0+60+160 'Saturday, February 13''
INFO: 2021-02-13 11:39:00,510: build_imagemagick_clock_cmd() 'ImageMagick clock cmd: convert /home/shaka/Pictures/Wallpapers/riccardo-chiarini-gYCMiZp-A7E-unsplash.jpg -scale 1920x1080^ -density 100 -font `fc-match -f '%{file[0]}' 'Ubuntu Condensed:,:70'` -pointsize 70 -gravity SouthEast -fill '#00000044' -annotate 0x0+58+208 '11:39 AM' -fill white -annotate 0x0+60+210 '11:39 AM' -font `fc-match -f '%{file[0]}' 'Ubuntu Condensed:,:30'` -pointsize 30 -fill '#00000044' -annotate 0x0+58+158 'Saturday, February 13' -fill white -annotate 0x0+60+160 'Saturday, February 13' /home/shaka/.config/variety/wallpaper/wallpaper-clock-a02e3f280dba095693f12463e3f23cac.jpg'
INFO: 2021-02-13 11:39:01,577: update_indicator() 'Setting file info to: /home/shaka/Pictures/Wallpapers/riccardo-chiarini-gYCMiZp-A7E-unsplash.jpg'
INFO: 2021-02-13 11:39:01,578: list_files() 'More than 1 files in the folders, stop listing'
INFO: 2021-02-13 11:40:00,570: clock_thread_method() 'clock_thread updates wallpaper'
INFO: 2021-02-13 11:40:00,570: do_set_wp() 'Calling do_set_wp with /home/shaka/Pictures/Wallpapers/riccardo-chiarini-gYCMiZp-A7E-unsplash.jpg, time: 1613196600.5709562'
INFO: 2021-02-13 11:40:00,571: compute_trimmed_offsets() 'Trimmed offsets debug info: w:1920, h:1080, ratio:1.777778, iw:6000, ih:4000, scw:1920, sch:1280, ho:0, vo:100'
INFO: 2021-02-13 11:40:00,572: build_imagemagick_clock_cmd() 'Applying clock filter: -density 100 -font `fc-match -f '%{file[0]}' 'Ubuntu Condensed:,:70'` -pointsize 70 -gravity SouthEast -fill '#00000044' -annotate 0x0+58+208 '11:40 AM' -fill white -annotate 0x0+60+210 '11:40 AM' -font `fc-match -f '%{file[0]}' 'Ubuntu Condensed:,:30'` -pointsize 30 -fill '#00000044' -annotate 0x0+58+158 'Saturday, February 13' -fill white -annotate 0x0+60+160 'Saturday, February 13''
INFO: 2021-02-13 11:40:00,572: build_imagemagick_clock_cmd() 'ImageMagick clock cmd: convert /home/shaka/Pictures/Wallpapers/riccardo-chiarini-gYCMiZp-A7E-unsplash.jpg -scale 1920x1080^ -density 100 -font `fc-match -f '%{file[0]}' 'Ubuntu Condensed:,:70'` -pointsize 70 -gravity SouthEast -fill '#00000044' -annotate 0x0+58+208 '11:40 AM' -fill white -annotate 0x0+60+210 '11:40 AM' -font `fc-match -f '%{file[0]}' 'Ubuntu Condensed:,:30'` -pointsize 30 -fill '#00000044' -annotate 0x0+58+158 'Saturday, February 13' -fill white -annotate 0x0+60+160 'Saturday, February 13' /home/shaka/.config/variety/wallpaper/wallpaper-clock-1273100e7ffe07b21659a37ba328d3c0.jpg'
INFO: 2021-02-13 11:40:01,552: update_indicator() 'Setting file info to: /home/shaka/Pictures/Wallpapers/riccardo-chiarini-gYCMiZp-A7E-unsplash.jpg'
INFO: 2021-02-13 11:40:01,553: list_files() 'More than 1 files in the folders, stop listing'
INFO: 2021-02-13 11:41:00,640: clock_thread_method() 'clock_thread updates wallpaper'
INFO: 2021-02-13 11:41:00,641: do_set_wp() 'Calling do_set_wp with /home/shaka/Pictures/Wallpapers/riccardo-chiarini-gYCMiZp-A7E-unsplash.jpg, time: 1613196660.640984'
INFO: 2021-02-13 11:41:00,641: compute_trimmed_offsets() 'Trimmed offsets debug info: w:1920, h:1080, ratio:1.777778, iw:6000, ih:4000, scw:1920, sch:1280, ho:0, vo:100'
INFO: 2021-02-13 11:41:00,642: build_imagemagick_clock_cmd() 'Applying clock filter: -density 100 -font `fc-match -f '%{file[0]}' 'Ubuntu Condensed:,:70'` -pointsize 70 -gravity SouthEast -fill '#00000044' -annotate 0x0+58+208 '11:41 AM' -fill white -annotate 0x0+60+210 '11:41 AM' -font `fc-match -f '%{file[0]}' 'Ubuntu Condensed:,:30'` -pointsize 30 -fill '#00000044' -annotate 0x0+58+158 'Saturday, February 13' -fill white -annotate 0x0+60+160 'Saturday, February 13''
INFO: 2021-02-13 11:41:00,642: build_imagemagick_clock_cmd() 'ImageMagick clock cmd: convert /home/shaka/Pictures/Wallpapers/riccardo-chiarini-gYCMiZp-A7E-unsplash.jpg -scale 1920x1080^ -density 100 -font `fc-match -f '%{file[0]}' 'Ubuntu Condensed:,:70'` -pointsize 70 -gravity SouthEast -fill '#00000044' -annotate 0x0+58+208 '11:41 AM' -fill white -annotate 0x0+60+210 '11:41 AM' -font `fc-match -f '%{file[0]}' 'Ubuntu Condensed:,:30'` -pointsize 30 -fill '#00000044' -annotate 0x0+58+158 'Saturday, February 13' -fill white -annotate 0x0+60+160 'Saturday, February 13' /home/shaka/.config/variety/wallpaper/wallpaper-clock-d5e36d4acdd5f7a56bb36dcb37a10fb9.jpg'
INFO: 2021-02-13 11:41:01,636: update_indicator() 'Setting file info to: /home/shaka/Pictures/Wallpapers/riccardo-chiarini-gYCMiZp-A7E-unsplash.jpg'
INFO: 2021-02-13 11:41:01,638: list_files() 'More than 1 files in the folders, stop listing'
INFO: 2021-02-13 11:42:00,700: clock_thread_method() 'clock_thread updates wallpaper'
INFO: 2021-02-13 11:42:00,700: do_set_wp() 'Calling do_set_wp with /home/shaka/Pictures/Wallpapers/riccardo-chiarini-gYCMiZp-A7E-unsplash.jpg, time: 1613196720.7007556'
INFO: 2021-02-13 11:42:00,701: compute_trimmed_offsets() 'Trimmed offsets debug info: w:1920, h:1080, ratio:1.777778, iw:6000, ih:4000, scw:1920, sch:1280, ho:0, vo:100'
INFO: 2021-02-13 11:42:00,702: build_imagemagick_clock_cmd() 'Applying clock filter: -density 100 -font `fc-match -f '%{file[0]}' 'Ubuntu Condensed:,:70'` -pointsize 70 -gravity SouthEast -fill '#00000044' -annotate 0x0+58+208 '11:42 AM' -fill white -annotate 0x0+60+210 '11:42 AM' -font `fc-match -f '%{file[0]}' 'Ubuntu Condensed:,:30'` -pointsize 30 -fill '#00000044' -annotate 0x0+58+158 'Saturday, February 13' -fill white -annotate 0x0+60+160 'Saturday, February 13''
INFO: 2021-02-13 11:42:00,702: build_imagemagick_clock_cmd() 'ImageMagick clock cmd: convert /home/shaka/Pictures/Wallpapers/riccardo-chiarini-gYCMiZp-A7E-unsplash.jpg -scale 1920x1080^ -density 100 -font `fc-match -f '%{file[0]}' 'Ubuntu Condensed:,:70'` -pointsize 70 -gravity SouthEast -fill '#00000044' -annotate 0x0+58+208 '11:42 AM' -fill white -annotate 0x0+60+210 '11:42 AM' -font `fc-match -f '%{file[0]}' 'Ubuntu Condensed:,:30'` -pointsize 30 -fill '#00000044' -annotate 0x0+58+158 'Saturday, February 13' -fill white -annotate 0x0+60+160 'Saturday, February 13' /home/shaka/.config/variety/wallpaper/wallpaper-clock-bf6bd49da22bfa71aa0b70f3573a34fd.jpg'
INFO: 2021-02-13 11:42:01,680: update_indicator() 'Setting file info to: /home/shaka/Pictures/Wallpapers/riccardo-chiarini-gYCMiZp-A7E-unsplash.jpg'
INFO: 2021-02-13 11:42:01,682: list_files() 'More than 1 files in the folders, stop listing'
INFO: 2021-02-13 11:43:00,767: clock_thread_method() 'clock_thread updates wallpaper'
INFO: 2021-02-13 11:43:00,767: do_set_wp() 'Calling do_set_wp with /home/shaka/Pictures/Wallpapers/riccardo-chiarini-gYCMiZp-A7E-unsplash.jpg, time: 1613196780.7676084'
INFO: 2021-02-13 11:43:00,768: compute_trimmed_offsets() 'Trimmed offsets debug info: w:1920, h:1080, ratio:1.777778, iw:6000, ih:4000, scw:1920, sch:1280, ho:0, vo:100'
INFO: 2021-02-13 11:43:00,768: build_imagemagick_clock_cmd() 'Applying clock filter: -density 100 -font `fc-match -f '%{file[0]}' 'Ubuntu Condensed:,:70'` -pointsize 70 -gravity SouthEast -fill '#00000044' -annotate 0x0+58+208 '11:43 AM' -fill white -annotate 0x0+60+210 '11:43 AM' -font `fc-match -f '%{file[0]}' 'Ubuntu Condensed:,:30'` -pointsize 30 -fill '#00000044' -annotate 0x0+58+158 'Saturday, February 13' -fill white -annotate 0x0+60+160 'Saturday, February 13''
INFO: 2021-02-13 11:43:00,768: build_imagemagick_clock_cmd() 'ImageMagick clock cmd: convert /home/shaka/Pictures/Wallpapers/riccardo-chiarini-gYCMiZp-A7E-unsplash.jpg -scale 1920x1080^ -density 100 -font `fc-match -f '%{file[0]}' 'Ubuntu Condensed:,:70'` -pointsize 70 -gravity SouthEast -fill '#00000044' -annotate 0x0+58+208 '11:43 AM' -fill white -annotate 0x0+60+210 '11:43 AM' -font `fc-match -f '%{file[0]}' 'Ubuntu Condensed:,:30'` -pointsize 30 -fill '#00000044' -annotate 0x0+58+158 'Saturday, February 13' -fill white -annotate 0x0+60+160 'Saturday, February 13' /home/shaka/.config/variety/wallpaper/wallpaper-clock-7c5a1504b9548f6922711ab5f0e42ffe.jpg'
INFO: 2021-02-13 11:43:01,762: update_indicator() 'Setting file info to: /home/shaka/Pictures/Wallpapers/riccardo-chiarini-gYCMiZp-A7E-unsplash.jpg'
INFO: 2021-02-13 11:43:01,763: list_files() 'More than 1 files in the folders, stop listing'
INFO: 2021-02-13 11:44:00,836: clock_thread_method() 'clock_thread updates wallpaper'
INFO: 2021-02-13 11:44:00,836: do_set_wp() 'Calling do_set_wp with /home/shaka/Pictures/Wallpapers/riccardo-chiarini-gYCMiZp-A7E-unsplash.jpg, time: 1613196840.8367293'
INFO: 2021-02-13 11:44:00,837: compute_trimmed_offsets() 'Trimmed offsets debug info: w:1920, h:1080, ratio:1.777778, iw:6000, ih:4000, scw:1920, sch:1280, ho:0, vo:100'
INFO: 2021-02-13 11:44:00,837: build_imagemagick_clock_cmd() 'Applying clock filter: -density 100 -font `fc-match -f '%{file[0]}' 'Ubuntu Condensed:,:70'` -pointsize 70 -gravity SouthEast -fill '#00000044' -annotate 0x0+58+208 '11:44 AM' -fill white -annotate 0x0+60+210 '11:44 AM' -font `fc-match -f '%{file[0]}' 'Ubuntu Condensed:,:30'` -pointsize 30 -fill '#00000044' -annotate 0x0+58+158 'Saturday, February 13' -fill white -annotate 0x0+60+160 'Saturday, February 13''
INFO: 2021-02-13 11:44:00,838: build_imagemagick_clock_cmd() 'ImageMagick clock cmd: convert /home/shaka/Pictures/Wallpapers/riccardo-chiarini-gYCMiZp-A7E-unsplash.jpg -scale 1920x1080^ -density 100 -font `fc-match -f '%{file[0]}' 'Ubuntu Condensed:,:70'` -pointsize 70 -gravity SouthEast -fill '#00000044' -annotate 0x0+58+208 '11:44 AM' -fill white -annotate 0x0+60+210 '11:44 AM' -font `fc-match -f '%{file[0]}' 'Ubuntu Condensed:,:30'` -pointsize 30 -fill '#00000044' -annotate 0x0+58+158 'Saturday, February 13' -fill white -annotate 0x0+60+160 'Saturday, February 13' /home/shaka/.config/variety/wallpaper/wallpaper-clock-eb3fa9347aeda641c9ceb0fc962e16fb.jpg'
INFO: 2021-02-13 11:44:01,853: update_indicator() 'Setting file info to: /home/shaka/Pictures/Wallpapers/riccardo-chiarini-gYCMiZp-A7E-unsplash.jpg'
INFO: 2021-02-13 11:44:01,855: list_files() 'More than 1 files in the folders, stop listing'
INFO: 2021-02-13 11:45:00,903: clock_thread_method() 'clock_thread updates wallpaper'
INFO: 2021-02-13 11:45:00,904: do_set_wp() 'Calling do_set_wp with /home/shaka/Pictures/Wallpapers/riccardo-chiarini-gYCMiZp-A7E-unsplash.jpg, time: 1613196900.9041798'
INFO: 2021-02-13 11:45:00,904: compute_trimmed_offsets() 'Trimmed offsets debug info: w:1920, h:1080, ratio:1.777778, iw:6000, ih:4000, scw:1920, sch:1280, ho:0, vo:100'
INFO: 2021-02-13 11:45:00,905: build_imagemagick_clock_cmd() 'Applying clock filter: -density 100 -font `fc-match -f '%{file[0]}' 'Ubuntu Condensed:,:70'` -pointsize 70 -gravity SouthEast -fill '#00000044' -annotate 0x0+58+208 '11:45 AM' -fill white -annotate 0x0+60+210 '11:45 AM' -font `fc-match -f '%{file[0]}' 'Ubuntu Condensed:,:30'` -pointsize 30 -fill '#00000044' -annotate 0x0+58+158 'Saturday, February 13' -fill white -annotate 0x0+60+160 'Saturday, February 13''
INFO: 2021-02-13 11:45:00,905: build_imagemagick_clock_cmd() 'ImageMagick clock cmd: convert /home/shaka/Pictures/Wallpapers/riccardo-chiarini-gYCMiZp-A7E-unsplash.jpg -scale 1920x1080^ -density 100 -font `fc-match -f '%{file[0]}' 'Ubuntu Condensed:,:70'` -pointsize 70 -gravity SouthEast -fill '#00000044' -annotate 0x0+58+208 '11:45 AM' -fill white -annotate 0x0+60+210 '11:45 AM' -font `fc-match -f '%{file[0]}' 'Ubuntu Condensed:,:30'` -pointsize 30 -fill '#00000044' -annotate 0x0+58+158 'Saturday, February 13' -fill white -annotate 0x0+60+160 'Saturday, February 13' /home/shaka/.config/variety/wallpaper/wallpaper-clock-e51a593c591c71cedfb40acc8e29411d.jpg'
INFO: 2021-02-13 11:45:01,964: update_indicator() 'Setting file info to: /home/shaka/Pictures/Wallpapers/riccardo-chiarini-gYCMiZp-A7E-unsplash.jpg'
INFO: 2021-02-13 11:45:01,965: list_files() 'More than 1 files in the folders, stop listing'
INFO: 2021-02-13 11:46:00,978: clock_thread_method() 'clock_thread updates wallpaper'
INFO: 2021-02-13 11:46:00,979: do_set_wp() 'Calling do_set_wp with /home/shaka/Pictures/Wallpapers/riccardo-chiarini-gYCMiZp-A7E-unsplash.jpg, time: 1613196960.9794464'
INFO: 2021-02-13 11:46:01,034: compute_trimmed_offsets() 'Trimmed offsets debug info: w:1920, h:1080, ratio:1.777778, iw:6000, ih:4000, scw:1920, sch:1280, ho:0, vo:100'
INFO: 2021-02-13 11:46:01,034: build_imagemagick_clock_cmd() 'Applying clock filter: -density 100 -font `fc-match -f '%{file[0]}' 'Ubuntu Condensed:,:70'` -pointsize 70 -gravity SouthEast -fill '#00000044' -annotate 0x0+58+208 '11:46 AM' -fill white -annotate 0x0+60+210 '11:46 AM' -font `fc-match -f '%{file[0]}' 'Ubuntu Condensed:,:30'` -pointsize 30 -fill '#00000044' -annotate 0x0+58+158 'Saturday, February 13' -fill white -annotate 0x0+60+160 'Saturday, February 13''
INFO: 2021-02-13 11:46:01,034: build_imagemagick_clock_cmd() 'ImageMagick clock cmd: convert /home/shaka/Pictures/Wallpapers/riccardo-chiarini-gYCMiZp-A7E-unsplash.jpg -scale 1920x1080^ -density 100 -font `fc-match -f '%{file[0]}' 'Ubuntu Condensed:,:70'` -pointsize 70 -gravity SouthEast -fill '#00000044' -annotate 0x0+58+208 '11:46 AM' -fill white -annotate 0x0+60+210 '11:46 AM' -font `fc-match -f '%{file[0]}' 'Ubuntu Condensed:,:30'` -pointsize 30 -fill '#00000044' -annotate 0x0+58+158 'Saturday, February 13' -fill white -annotate 0x0+60+160 'Saturday, February 13' /home/shaka/.config/variety/wallpaper/wallpaper-clock-dd9586c2f4e882028bf2412f207cfe03.jpg'
INFO: 2021-02-13 11:46:02,029: update_indicator() 'Setting file info to: /home/shaka/Pictures/Wallpapers/riccardo-chiarini-gYCMiZp-A7E-unsplash.jpg'
INFO: 2021-02-13 11:46:02,030: list_files() 'More than 1 files in the folders, stop listing'
INFO: 2021-02-13 11:47:00,046: clock_thread_method() 'clock_thread updates wallpaper'
INFO: 2021-02-13 11:47:00,047: do_set_wp() 'Calling do_set_wp with /home/shaka/Pictures/Wallpapers/riccardo-chiarini-gYCMiZp-A7E-unsplash.jpg, time: 1613197020.047187'
INFO: 2021-02-13 11:47:00,048: compute_trimmed_offsets() 'Trimmed offsets debug info: w:1920, h:1080, ratio:1.777778, iw:6000, ih:4000, scw:1920, sch:1280, ho:0, vo:100'
INFO: 2021-02-13 11:47:00,048: build_imagemagick_clock_cmd() 'Applying clock filter: -density 100 -font `fc-match -f '%{file[0]}' 'Ubuntu Condensed:,:70'` -pointsize 70 -gravity SouthEast -fill '#00000044' -annotate 0x0+58+208 '11:47 AM' -fill white -annotate 0x0+60+210 '11:47 AM' -font `fc-match -f '%{file[0]}' 'Ubuntu Condensed:,:30'` -pointsize 30 -fill '#00000044' -annotate 0x0+58+158 'Saturday, February 13' -fill white -annotate 0x0+60+160 'Saturday, February 13''
INFO: 2021-02-13 11:47:00,048: build_imagemagick_clock_cmd() 'ImageMagick clock cmd: convert /home/shaka/Pictures/Wallpapers/riccardo-chiarini-gYCMiZp-A7E-unsplash.jpg -scale 1920x1080^ -density 100 -font `fc-match -f '%{file[0]}' 'Ubuntu Condensed:,:70'` -pointsize 70 -gravity SouthEast -fill '#00000044' -annotate 0x0+58+208 '11:47 AM' -fill white -annotate 0x0+60+210 '11:47 AM' -font `fc-match -f '%{file[0]}' 'Ubuntu Condensed:,:30'` -pointsize 30 -fill '#00000044' -annotate 0x0+58+158 'Saturday, February 13' -fill white -annotate 0x0+60+160 'Saturday, February 13' /home/shaka/.config/variety/wallpaper/wallpaper-clock-6bb5bb7e895274852d3eaf4bde3c7f2f.jpg'
INFO: 2021-02-13 11:47:01,029: update_indicator() 'Setting file info to: /home/shaka/Pictures/Wallpapers/riccardo-chiarini-gYCMiZp-A7E-unsplash.jpg'
INFO: 2021-02-13 11:47:01,031: list_files() 'More than 1 files in the folders, stop listing'
INFO: 2021-02-13 11:48:00,111: clock_thread_method() 'clock_thread updates wallpaper'
INFO: 2021-02-13 11:48:00,112: do_set_wp() 'Calling do_set_wp with /home/shaka/Pictures/Wallpapers/riccardo-chiarini-gYCMiZp-A7E-unsplash.jpg, time: 1613197080.1122627'
INFO: 2021-02-13 11:48:00,113: compute_trimmed_offsets() 'Trimmed offsets debug info: w:1920, h:1080, ratio:1.777778, iw:6000, ih:4000, scw:1920, sch:1280, ho:0, vo:100'
INFO: 2021-02-13 11:48:00,113: build_imagemagick_clock_cmd() 'Applying clock filter: -density 100 -font `fc-match -f '%{file[0]}' 'Ubuntu Condensed:,:70'` -pointsize 70 -gravity SouthEast -fill '#00000044' -annotate 0x0+58+208 '11:48 AM' -fill white -annotate 0x0+60+210 '11:48 AM' -font `fc-match -f '%{file[0]}' 'Ubuntu Condensed:,:30'` -pointsize 30 -fill '#00000044' -annotate 0x0+58+158 'Saturday, February 13' -fill white -annotate 0x0+60+160 'Saturday, February 13''
INFO: 2021-02-13 11:48:00,113: build_imagemagick_clock_cmd() 'ImageMagick clock cmd: convert /home/shaka/Pictures/Wallpapers/riccardo-chiarini-gYCMiZp-A7E-unsplash.jpg -scale 1920x1080^ -density 100 -font `fc-match -f '%{file[0]}' 'Ubuntu Condensed:,:70'` -pointsize 70 -gravity SouthEast -fill '#00000044' -annotate 0x0+58+208 '11:48 AM' -fill white -annotate 0x0+60+210 '11:48 AM' -font `fc-match -f '%{file[0]}' 'Ubuntu Condensed:,:30'` -pointsize 30 -fill '#00000044' -annotate 0x0+58+158 'Saturday, February 13' -fill white -annotate 0x0+60+160 'Saturday, February 13' /home/shaka/.config/variety/wallpaper/wallpaper-clock-70f1818bac934288be18c05e3b4943d8.jpg'
INFO: 2021-02-13 11:48:01,109: update_indicator() 'Setting file info to: /home/shaka/Pictures/Wallpapers/riccardo-chiarini-gYCMiZp-A7E-unsplash.jpg'
INFO: 2021-02-13 11:48:01,110: list_files() 'More than 1 files in the folders, stop listing'
INFO: 2021-02-13 11:49:00,180: clock_thread_method() 'clock_thread updates wallpaper'
INFO: 2021-02-13 11:49:00,181: do_set_wp() 'Calling do_set_wp with /home/shaka/Pictures/Wallpapers/riccardo-chiarini-gYCMiZp-A7E-unsplash.jpg, time: 1613197140.1812885'
INFO: 2021-02-13 11:49:00,182: compute_trimmed_offsets() 'Trimmed offsets debug info: w:1920, h:1080, ratio:1.777778, iw:6000, ih:4000, scw:1920, sch:1280, ho:0, vo:100'
INFO: 2021-02-13 11:49:00,182: build_imagemagick_clock_cmd() 'Applying clock filter: -density 100 -font `fc-match -f '%{file[0]}' 'Ubuntu Condensed:,:70'` -pointsize 70 -gravity SouthEast -fill '#00000044' -annotate 0x0+58+208 '11:49 AM' -fill white -annotate 0x0+60+210 '11:49 AM' -font `fc-match -f '%{file[0]}' 'Ubuntu Condensed:,:30'` -pointsize 30 -fill '#00000044' -annotate 0x0+58+158 'Saturday, February 13' -fill white -annotate 0x0+60+160 'Saturday, February 13''
INFO: 2021-02-13 11:49:00,182: build_imagemagick_clock_cmd() 'ImageMagick clock cmd: convert /home/shaka/Pictures/Wallpapers/riccardo-chiarini-gYCMiZp-A7E-unsplash.jpg -scale 1920x1080^ -density 100 -font `fc-match -f '%{file[0]}' 'Ubuntu Condensed:,:70'` -pointsize 70 -gravity SouthEast -fill '#00000044' -annotate 0x0+58+208 '11:49 AM' -fill white -annotate 0x0+60+210 '11:49 AM' -font `fc-match -f '%{file[0]}' 'Ubuntu Condensed:,:30'` -pointsize 30 -fill '#00000044' -annotate 0x0+58+158 'Saturday, February 13' -fill white -annotate 0x0+60+160 'Saturday, February 13' /home/shaka/.config/variety/wallpaper/wallpaper-clock-fd59de846f0fef19a4952af53fd6510a.jpg'
INFO: 2021-02-13 11:49:01,262: update_indicator() 'Setting file info to: /home/shaka/Pictures/Wallpapers/riccardo-chiarini-gYCMiZp-A7E-unsplash.jpg'
INFO: 2021-02-13 11:49:01,264: list_files() 'More than 1 files in the folders, stop listing'
INFO: 2021-02-13 11:50:00,244: clock_thread_method() 'clock_thread updates wallpaper'
INFO: 2021-02-13 11:50:00,245: do_set_wp() 'Calling do_set_wp with /home/shaka/Pictures/Wallpapers/riccardo-chiarini-gYCMiZp-A7E-unsplash.jpg, time: 1613197200.2453523'
INFO: 2021-02-13 11:50:00,246: compute_trimmed_offsets() 'Trimmed offsets debug info: w:1920, h:1080, ratio:1.777778, iw:6000, ih:4000, scw:1920, sch:1280, ho:0, vo:100'
INFO: 2021-02-13 11:50:00,246: build_imagemagick_clock_cmd() 'Applying clock filter: -density 100 -font `fc-match -f '%{file[0]}' 'Ubuntu Condensed:,:70'` -pointsize 70 -gravity SouthEast -fill '#00000044' -annotate 0x0+58+208 '11:50 AM' -fill white -annotate 0x0+60+210 '11:50 AM' -font `fc-match -f '%{file[0]}' 'Ubuntu Condensed:,:30'` -pointsize 30 -fill '#00000044' -annotate 0x0+58+158 'Saturday, February 13' -fill white -annotate 0x0+60+160 'Saturday, February 13''
INFO: 2021-02-13 11:50:00,246: build_imagemagick_clock_cmd() 'ImageMagick clock cmd: convert /home/shaka/Pictures/Wallpapers/riccardo-chiarini-gYCMiZp-A7E-unsplash.jpg -scale 1920x1080^ -density 100 -font `fc-match -f '%{file[0]}' 'Ubuntu Condensed:,:70'` -pointsize 70 -gravity SouthEast -fill '#00000044' -annotate 0x0+58+208 '11:50 AM' -fill white -annotate 0x0+60+210 '11:50 AM' -font `fc-match -f '%{file[0]}' 'Ubuntu Condensed:,:30'` -pointsize 30 -fill '#00000044' -annotate 0x0+58+158 'Saturday, February 13' -fill white -annotate 0x0+60+160 'Saturday, February 13' /home/shaka/.config/variety/wallpaper/wallpaper-clock-1bc6f95f635d78476ae11134ff7bb650.jpg'
INFO: 2021-02-13 11:50:01,254: update_indicator() 'Setting file info to: /home/shaka/Pictures/Wallpapers/riccardo-chiarini-gYCMiZp-A7E-unsplash.jpg'
INFO: 2021-02-13 11:50:01,255: list_files() 'More than 1 files in the folders, stop listing'
INFO: 2021-02-13 11:51:00,305: clock_thread_method() 'clock_thread updates wallpaper'
INFO: 2021-02-13 11:51:00,305: do_set_wp() 'Calling do_set_wp with /home/shaka/Pictures/Wallpapers/riccardo-chiarini-gYCMiZp-A7E-unsplash.jpg, time: 1613197260.305858'
INFO: 2021-02-13 11:51:00,306: compute_trimmed_offsets() 'Trimmed offsets debug info: w:1920, h:1080, ratio:1.777778, iw:6000, ih:4000, scw:1920, sch:1280, ho:0, vo:100'
INFO: 2021-02-13 11:51:00,307: build_imagemagick_clock_cmd() 'Applying clock filter: -density 100 -font `fc-match -f '%{file[0]}' 'Ubuntu Condensed:,:70'` -pointsize 70 -gravity SouthEast -fill '#00000044' -annotate 0x0+58+208 '11:51 AM' -fill white -annotate 0x0+60+210 '11:51 AM' -font `fc-match -f '%{file[0]}' 'Ubuntu Condensed:,:30'` -pointsize 30 -fill '#00000044' -annotate 0x0+58+158 'Saturday, February 13' -fill white -annotate 0x0+60+160 'Saturday, February 13''
INFO: 2021-02-13 11:51:00,307: build_imagemagick_clock_cmd() 'ImageMagick clock cmd: convert /home/shaka/Pictures/Wallpapers/riccardo-chiarini-gYCMiZp-A7E-unsplash.jpg -scale 1920x1080^ -density 100 -font `fc-match -f '%{file[0]}' 'Ubuntu Condensed:,:70'` -pointsize 70 -gravity SouthEast -fill '#00000044' -annotate 0x0+58+208 '11:51 AM' -fill white -annotate 0x0+60+210 '11:51 AM' -font `fc-match -f '%{file[0]}' 'Ubuntu Condensed:,:30'` -pointsize 30 -fill '#00000044' -annotate 0x0+58+158 'Saturday, February 13' -fill white -annotate 0x0+60+160 'Saturday, February 13' /home/shaka/.config/variety/wallpaper/wallpaper-clock-fab4b64f09272879bbf7a621c72e9e91.jpg'
INFO: 2021-02-13 11:51:01,357: update_indicator() 'Setting file info to: /home/shaka/Pictures/Wallpapers/riccardo-chiarini-gYCMiZp-A7E-unsplash.jpg'
INFO: 2021-02-13 11:51:01,358: list_files() 'More than 1 files in the folders, stop listing'
INFO: 2021-02-13 11:52:00,372: clock_thread_method() 'clock_thread updates wallpaper'
INFO: 2021-02-13 11:52:00,373: do_set_wp() 'Calling do_set_wp with /home/shaka/Pictures/Wallpapers/riccardo-chiarini-gYCMiZp-A7E-unsplash.jpg, time: 1613197320.3730824'
INFO: 2021-02-13 11:52:00,373: compute_trimmed_offsets() 'Trimmed offsets debug info: w:1920, h:1080, ratio:1.777778, iw:6000, ih:4000, scw:1920, sch:1280, ho:0, vo:100'
INFO: 2021-02-13 11:52:00,374: build_imagemagick_clock_cmd() 'Applying clock filter: -density 100 -font `fc-match -f '%{file[0]}' 'Ubuntu Condensed:,:70'` -pointsize 70 -gravity SouthEast -fill '#00000044' -annotate 0x0+58+208 '11:52 AM' -fill white -annotate 0x0+60+210 '11:52 AM' -font `fc-match -f '%{file[0]}' 'Ubuntu Condensed:,:30'` -pointsize 30 -fill '#00000044' -annotate 0x0+58+158 'Saturday, February 13' -fill white -annotate 0x0+60+160 'Saturday, February 13''
INFO: 2021-02-13 11:52:00,374: build_imagemagick_clock_cmd() 'ImageMagick clock cmd: convert /home/shaka/Pictures/Wallpapers/riccardo-chiarini-gYCMiZp-A7E-unsplash.jpg -scale 1920x1080^ -density 100 -font `fc-match -f '%{file[0]}' 'Ubuntu Condensed:,:70'` -pointsize 70 -gravity SouthEast -fill '#00000044' -annotate 0x0+58+208 '11:52 AM' -fill white -annotate 0x0+60+210 '11:52 AM' -font `fc-match -f '%{file[0]}' 'Ubuntu Condensed:,:30'` -pointsize 30 -fill '#00000044' -annotate 0x0+58+158 'Saturday, February 13' -fill white -annotate 0x0+60+160 'Saturday, February 13' /home/shaka/.config/variety/wallpaper/wallpaper-clock-851bac95c308f876b0bc21918c7a69cc.jpg'
INFO: 2021-02-13 11:52:01,364: update_indicator() 'Setting file info to: /home/shaka/Pictures/Wallpapers/riccardo-chiarini-gYCMiZp-A7E-unsplash.jpg'
INFO: 2021-02-13 11:52:01,365: list_files() 'More than 1 files in the folders, stop listing'
INFO: 2021-02-13 11:53:00,435: clock_thread_method() 'clock_thread updates wallpaper'
INFO: 2021-02-13 11:53:00,436: do_set_wp() 'Calling do_set_wp with /home/shaka/Pictures/Wallpapers/riccardo-chiarini-gYCMiZp-A7E-unsplash.jpg, time: 1613197380.436482'
INFO: 2021-02-13 11:53:00,437: compute_trimmed_offsets() 'Trimmed offsets debug info: w:1920, h:1080, ratio:1.777778, iw:6000, ih:4000, scw:1920, sch:1280, ho:0, vo:100'
INFO: 2021-02-13 11:53:00,437: build_imagemagick_clock_cmd() 'Applying clock filter: -density 100 -font `fc-match -f '%{file[0]}' 'Ubuntu Condensed:,:70'` -pointsize 70 -gravity SouthEast -fill '#00000044' -annotate 0x0+58+208 '11:53 AM' -fill white -annotate 0x0+60+210 '11:53 AM' -font `fc-match -f '%{file[0]}' 'Ubuntu Condensed:,:30'` -pointsize 30 -fill '#00000044' -annotate 0x0+58+158 'Saturday, February 13' -fill white -annotate 0x0+60+160 'Saturday, February 13''
INFO: 2021-02-13 11:53:00,437: build_imagemagick_clock_cmd() 'ImageMagick clock cmd: convert /home/shaka/Pictures/Wallpapers/riccardo-chiarini-gYCMiZp-A7E-unsplash.jpg -scale 1920x1080^ -density 100 -font `fc-match -f '%{file[0]}' 'Ubuntu Condensed:,:70'` -pointsize 70 -gravity SouthEast -fill '#00000044' -annotate 0x0+58+208 '11:53 AM' -fill white -annotate 0x0+60+210 '11:53 AM' -font `fc-match -f '%{file[0]}' 'Ubuntu Condensed:,:30'` -pointsize 30 -fill '#00000044' -annotate 0x0+58+158 'Saturday, February 13' -fill white -annotate 0x0+60+160 'Saturday, February 13' /home/shaka/.config/variety/wallpaper/wallpaper-clock-0af23498fad4b939955df9acd9885fa5.jpg'
INFO: 2021-02-13 11:53:01,436: update_indicator() 'Setting file info to: /home/shaka/Pictures/Wallpapers/riccardo-chiarini-gYCMiZp-A7E-unsplash.jpg'
INFO: 2021-02-13 11:53:01,437: list_files() 'More than 1 files in the folders, stop listing'
INFO: 2021-02-13 11:54:00,499: clock_thread_method() 'clock_thread updates wallpaper'
INFO: 2021-02-13 11:54:00,500: do_set_wp() 'Calling do_set_wp with /home/shaka/Pictures/Wallpapers/riccardo-chiarini-gYCMiZp-A7E-unsplash.jpg, time: 1613197440.5004003'
INFO: 2021-02-13 11:54:00,501: compute_trimmed_offsets() 'Trimmed offsets debug info: w:1920, h:1080, ratio:1.777778, iw:6000, ih:4000, scw:1920, sch:1280, ho:0, vo:100'
INFO: 2021-02-13 11:54:00,501: build_imagemagick_clock_cmd() 'Applying clock filter: -density 100 -font `fc-match -f '%{file[0]}' 'Ubuntu Condensed:,:70'` -pointsize 70 -gravity SouthEast -fill '#00000044' -annotate 0x0+58+208 '11:54 AM' -fill white -annotate 0x0+60+210 '11:54 AM' -font `fc-match -f '%{file[0]}' 'Ubuntu Condensed:,:30'` -pointsize 30 -fill '#00000044' -annotate 0x0+58+158 'Saturday, February 13' -fill white -annotate 0x0+60+160 'Saturday, February 13''
INFO: 2021-02-13 11:54:00,501: build_imagemagick_clock_cmd() 'ImageMagick clock cmd: convert /home/shaka/Pictures/Wallpapers/riccardo-chiarini-gYCMiZp-A7E-unsplash.jpg -scale 1920x1080^ -density 100 -font `fc-match -f '%{file[0]}' 'Ubuntu Condensed:,:70'` -pointsize 70 -gravity SouthEast -fill '#00000044' -annotate 0x0+58+208 '11:54 AM' -fill white -annotate 0x0+60+210 '11:54 AM' -font `fc-match -f '%{file[0]}' 'Ubuntu Condensed:,:30'` -pointsize 30 -fill '#00000044' -annotate 0x0+58+158 'Saturday, February 13' -fill white -annotate 0x0+60+160 'Saturday, February 13' /home/shaka/.config/variety/wallpaper/wallpaper-clock-1d91d02226e603a81fc7e1bb795e40a5.jpg'
INFO: 2021-02-13 11:54:01,509: update_indicator() 'Setting file info to: /home/shaka/Pictures/Wallpapers/riccardo-chiarini-gYCMiZp-A7E-unsplash.jpg'
INFO: 2021-02-13 11:54:01,510: list_files() 'More than 1 files in the folders, stop listing'
INFO: 2021-02-13 11:55:00,566: clock_thread_method() 'clock_thread updates wallpaper'
INFO: 2021-02-13 11:55:00,567: do_set_wp() 'Calling do_set_wp with /home/shaka/Pictures/Wallpapers/riccardo-chiarini-gYCMiZp-A7E-unsplash.jpg, time: 1613197500.5671265'
INFO: 2021-02-13 11:55:00,568: compute_trimmed_offsets() 'Trimmed offsets debug info: w:1920, h:1080, ratio:1.777778, iw:6000, ih:4000, scw:1920, sch:1280, ho:0, vo:100'
INFO: 2021-02-13 11:55:00,568: build_imagemagick_clock_cmd() 'Applying clock filter: -density 100 -font `fc-match -f '%{file[0]}' 'Ubuntu Condensed:,:70'` -pointsize 70 -gravity SouthEast -fill '#00000044' -annotate 0x0+58+208 '11:55 AM' -fill white -annotate 0x0+60+210 '11:55 AM' -font `fc-match -f '%{file[0]}' 'Ubuntu Condensed:,:30'` -pointsize 30 -fill '#00000044' -annotate 0x0+58+158 'Saturday, February 13' -fill white -annotate 0x0+60+160 'Saturday, February 13''
INFO: 2021-02-13 11:55:00,568: build_imagemagick_clock_cmd() 'ImageMagick clock cmd: convert /home/shaka/Pictures/Wallpapers/riccardo-chiarini-gYCMiZp-A7E-unsplash.jpg -scale 1920x1080^ -density 100 -font `fc-match -f '%{file[0]}' 'Ubuntu Condensed:,:70'` -pointsize 70 -gravity SouthEast -fill '#00000044' -annotate 0x0+58+208 '11:55 AM' -fill white -annotate 0x0+60+210 '11:55 AM' -font `fc-match -f '%{file[0]}' 'Ubuntu Condensed:,:30'` -pointsize 30 -fill '#00000044' -annotate 0x0+58+158 'Saturday, February 13' -fill white -annotate 0x0+60+160 'Saturday, February 13' /home/shaka/.config/variety/wallpaper/wallpaper-clock-03bc0e00220d6f3f7e9a4c9f422d66a2.jpg'
INFO: 2021-02-13 11:55:01,576: update_indicator() 'Setting file info to: /home/shaka/Pictures/Wallpapers/riccardo-chiarini-gYCMiZp-A7E-unsplash.jpg'
INFO: 2021-02-13 11:55:01,577: list_files() 'More than 1 files in the folders, stop listing'
